Using pre-set license
Built from '2020.3/staging' branch; Version is '2020.3.18f1 (a7d1c678663c) revision 10998214'; Using compiler version '192528614'; Build Type 'Release'
OS: 'Windows 10 Pro; OS build 19042.1348; Version 2009; 64bit' Language: 'fr' Physical Memory: 32619 MB
BatchMode: 1, IsHumanControllingUs: 0, StartBugReporterOnCrash: 0, Is64bit: 1, IsPro: 0

COMMAND LINE ARGUMENTS:
C:\Applications\Unity\2020.3.18f1\Editor\Unity.exe
-adb2
-batchMode
-noUpm
-name
AssetImportWorker0
-projectPath
C:/Users/adryan.hauton/Desktop/MoleRoule/MoleRoule/MoléRoule
-logFile
Logs/AssetImportWorker0.log
-srvPort
54152
Successfully changed project path to: C:/Users/adryan.hauton/Desktop/MoleRoule/MoleRoule/MoléRoule
C:/Users/adryan.hauton/Desktop/MoleRoule/MoleRoule/MoléRoule
Using Asset Import Pipeline V2.
Refreshing native plugins compatible for Editor in 92.04 ms, found 2 plugins.
Preloading 0 native plugins for Editor in 0.00 ms.
Initialize engine version: 2020.3.18f1 (a7d1c678663c)
[Subsystems] Discovering subsystems at path C:/Applications/Unity/2020.3.18f1/Editor/Data/Resources/UnitySubsystems
[Subsystems] Discovering subsystems at path C:/Users/adryan.hauton/Desktop/MoleRoule/MoleRoule/MoléRoule/Assets
GfxDevice: creating device client; threaded=0
Direct3D:
    Version:  Direct3D 11.0 [level 11.1]
    Renderer: NVIDIA Quadro P1000 (ID=0x1cbb)
    Vendor:   
    VRAM:     4019 MB
    Driver:   26.21.14.3064
Initialize mono
Mono path[0] = 'C:/Applications/Unity/2020.3.18f1/Editor/Data/Managed'
Mono path[1] = 'C:/Applications/Unity/2020.3.18f1/Editor/Data/MonoBleedingEdge/lib/mono/unityjit'
Mono config path = 'C:/Applications/Unity/2020.3.18f1/Editor/Data/MonoBleedingEdge/etc'
Using monoOptions --debugger-agent=transport=dt_socket,embedding=1,server=y,suspend=n,address=127.0.0.1:56980
Begin MonoManager ReloadAssembly
Registering precompiled unity dll's ...
Register platform support module: C:/Applications/Unity/2020.3.18f1/Editor/Data/PlaybackEngines/WindowsStandaloneSupport/UnityEditor.WindowsStandalone.Extensions.dll
Registered in 0.003397 seconds.
Native extension for WindowsStandalone target not found
Refreshing native plugins compatible for Editor in 89.98 ms, found 2 plugins.
Preloading 0 native plugins for Editor in 0.00 ms.
Mono: successfully reloaded assembly
- Completed reload, in  1.585 seconds
Domain Reload Profiling:
	ReloadAssembly (1585ms)
		BeginReloadAssembly (77ms)
			ExecutionOrderSort (0ms)
			DisableScriptedObjects (0ms)
			BackupInstance (0ms)
			ReleaseScriptingObjects (0ms)
			CreateAndSetChildDomain (1ms)
		EndReloadAssembly (694ms)
			LoadAssemblies (74ms)
			RebuildTransferFunctionScriptingTraits (0ms)
			SetupTypeCache (275ms)
			ReleaseScriptCaches (0ms)
			RebuildScriptCaches (50ms)
			SetupLoadedEditorAssemblies (267ms)
				LogAssemblyErrors (0ms)
				InitializePlatformSupportModulesInManaged (7ms)
				SetLoadedEditorAssemblies (0ms)
				RefreshPlugins (90ms)
				BeforeProcessingInitializeOnLoad (20ms)
				ProcessInitializeOnLoadAttributes (115ms)
				ProcessInitializeOnLoadMethodAttributes (33ms)
				AfterProcessingInitializeOnLoad (0ms)
				EditorAssembliesLoaded (0ms)
			ExecutionOrderSort2 (0ms)
			AwakeInstancesAfterBackupRestoration (0ms)
Platform modules already initialized, skipping
Registering precompiled user dll's ...
Registered in 0.004721 seconds.
Begin MonoManager ReloadAssembly
Native extension for WindowsStandalone target not found
Refreshing native plugins compatible for Editor in 57.69 ms, found 2 plugins.
Preloading 0 native plugins for Editor in 0.00 ms.
Mono: successfully reloaded assembly
- Completed reload, in  1.301 seconds
Domain Reload Profiling:
	ReloadAssembly (1302ms)
		BeginReloadAssembly (166ms)
			ExecutionOrderSort (0ms)
			DisableScriptedObjects (5ms)
			BackupInstance (0ms)
			ReleaseScriptingObjects (0ms)
			CreateAndSetChildDomain (19ms)
		EndReloadAssembly (1065ms)
			LoadAssemblies (106ms)
			RebuildTransferFunctionScriptingTraits (0ms)
			SetupTypeCache (350ms)
			ReleaseScriptCaches (1ms)
			RebuildScriptCaches (55ms)
			SetupLoadedEditorAssemblies (405ms)
				LogAssemblyErrors (0ms)
				InitializePlatformSupportModulesInManaged (4ms)
				SetLoadedEditorAssemblies (0ms)
				RefreshPlugins (58ms)
				BeforeProcessingInitializeOnLoad (100ms)
				ProcessInitializeOnLoadAttributes (228ms)
				ProcessInitializeOnLoadMethodAttributes (5ms)
				AfterProcessingInitializeOnLoad (9ms)
				EditorAssembliesLoaded (0ms)
			ExecutionOrderSort2 (0ms)
			AwakeInstancesAfterBackupRestoration (7ms)
Platform modules already initialized, skipping
========================================================================
Worker process is ready to serve import requests
Launched and connected shader compiler UnityShaderCompiler.exe after 0.08 seconds
Refreshing native plugins compatible for Editor in 0.50 ms, found 2 plugins.
Preloading 0 native plugins for Editor in 0.00 ms.
Unloading 2704 Unused Serialized files (Serialized files now loaded: 0)
System memory in use before: 123.0 MB.
System memory in use after: 123.2 MB.

Unloading 17 unused Assets to reduce memory usage. Loaded Objects now: 3137.
Total: 3.618600 ms (FindLiveObjects: 0.277100 ms CreateObjectMapping: 0.166500 ms MarkObjects: 3.097000 ms  DeleteObjects: 0.076900 ms)

AssetImportParameters requested are different than current active one (requested -> active):
  custom:framework-win-MediaFoundation: 216162199b28c13a410421893ffa2e32 -> 
  custom:video-decoder-ogg-theora: a1e56fd34408186e4bbccfd4996cb3dc -> 
  custom:container-muxer-webm: aa71ff27fc2769a1b78a27578f13a17b -> 
  custom:container-demuxer-webm: 4f35f7cbe854078d1ac9338744f61a02 -> 
  custom:container-demuxer-ogg: 62fdf1f143b41e24485cea50d1cbac27 -> 
  custom:video-encoder-webm-vp8: eb34c28f22e8b96e1ab97ce403110664 -> 
  custom:video-decoder-webm-vp8: 9c59270c3fd7afecdb556c50c9e8de78 -> 
  custom:audio-decoder-ogg-vorbis: bf7c407c2cedff20999df2af8eb42d56 -> 
  custom:audio-encoder-webm-vorbis: bf7c407c2cedff20999df2af8eb42d56 -> 
========================================================================
Received Import Request.
  path: Assets/Readme.asset
  artifactKey: Guid(83c2ed844a8c74b779a4c823d16594b1) Importer(815301076,1909f56bfc062723c751e8b465ee728b)
Start importing Assets/Readme.asset using Guid(83c2ed844a8c74b779a4c823d16594b1) Importer(815301076,1909f56bfc062723c751e8b465ee728b)  -> (artifact id: '8ffd2c44ffeb50c574abb5d0c4453328') in 0.051485 seconds 
  Import took 0.056846 seconds .

========================================================================
Received Import Request.
  Time since last request: 112.033662 seconds.
  path: Assets/Materials/Skybox_Mat.mat
  artifactKey: Guid(0ffaa0b7117ba8c47a9d05ae701d4b4d) Importer(815301076,1909f56bfc062723c751e8b465ee728b)
Start importing Assets/Materials/Skybox_Mat.mat using Guid(0ffaa0b7117ba8c47a9d05ae701d4b4d) Importer(815301076,1909f56bfc062723c751e8b465ee728b)  -> (artifact id: '4d54ab3375f41efad00566dcae11def2') in 0.221650 seconds 
  Import took 0.226708 seconds .

========================================================================
Received Import Request.
  Time since last request: 0.881666 seconds.
  path: Assets
  artifactKey: Guid(00000000000000001000000000000000) Importer(815301076,1909f56bfc062723c751e8b465ee728b)
Start importing Assets using Guid(00000000000000001000000000000000) Importer(815301076,1909f56bfc062723c751e8b465ee728b)  -> (artifact id: '42d402b061de3733987d63b9cc3b64de') in 0.006678 seconds 
  Import took 0.010868 seconds .

========================================================================
Received Import Request.
  Time since last request: 9.488006 seconds.
  path: Assets/URPTemplate
  artifactKey: Guid(b846ef6fd56f0ce48ab3e2fd8493f397) Importer(815301076,1909f56bfc062723c751e8b465ee728b)
Start importing Assets/URPTemplate using Guid(b846ef6fd56f0ce48ab3e2fd8493f397) Importer(815301076,1909f56bfc062723c751e8b465ee728b)  -> (artifact id: '679d1344cbb502c26b9c7ed27e76c9e2') in 0.006438 seconds 
  Import took 0.010655 seconds .

========================================================================
Received Import Request.
  Time since last request: 0.003887 seconds.
  path: Assets/URPTemplate
  artifactKey: Guid(b846ef6fd56f0ce48ab3e2fd8493f397) Importer(815301076,1909f56bfc062723c751e8b465ee728b)
Start importing Assets/URPTemplate using Guid(b846ef6fd56f0ce48ab3e2fd8493f397) Importer(815301076,1909f56bfc062723c751e8b465ee728b)  -> (artifact id: '679d1344cbb502c26b9c7ed27e76c9e2') in 0.002500 seconds 
  Import took 0.006748 seconds .

========================================================================
Received Import Request.
  Time since last request: 2.891398 seconds.
  path: Assets/TutorialInfo
  artifactKey: Guid(49110bb8dcada46328ad741970bce702) Importer(815301076,1909f56bfc062723c751e8b465ee728b)
Start importing Assets/TutorialInfo using Guid(49110bb8dcada46328ad741970bce702) Importer(815301076,1909f56bfc062723c751e8b465ee728b)  -> (artifact id: 'de5a30219286eb2a872f2f84d66d9616') in 0.006558 seconds 
  Import took 0.010796 seconds .

========================================================================
Received Import Request.
  Time since last request: 0.718425 seconds.
  path: Assets/ExampleAssets
  artifactKey: Guid(990f5c2df70993f4987a388ca178996a) Importer(815301076,1909f56bfc062723c751e8b465ee728b)
Start importing Assets/ExampleAssets using Guid(990f5c2df70993f4987a388ca178996a) Importer(815301076,1909f56bfc062723c751e8b465ee728b)  -> (artifact id: 'd5ac45704b3e904ca5b19a6457cc79ac') in 0.006209 seconds 
  Import took 0.010765 seconds .

========================================================================
Received Prepare
Registering precompiled user dll's ...
Registered in 0.004436 seconds.
Begin MonoManager ReloadAssembly
Native extension for WindowsStandalone target not found
Refreshing native plugins compatible for Editor in 0.54 ms, found 2 plugins.
Preloading 0 native plugins for Editor in 0.00 ms.
Mono: successfully reloaded assembly
- Completed reload, in  1.163 seconds
Domain Reload Profiling:
	ReloadAssembly (1164ms)
		BeginReloadAssembly (147ms)
			ExecutionOrderSort (0ms)
			DisableScriptedObjects (7ms)
			BackupInstance (0ms)
			ReleaseScriptingObjects (0ms)
			CreateAndSetChildDomain (40ms)
		EndReloadAssembly (947ms)
			LoadAssemblies (102ms)
			RebuildTransferFunctionScriptingTraits (0ms)
			SetupTypeCache (325ms)
			ReleaseScriptCaches (1ms)
			RebuildScriptCaches (46ms)
			SetupLoadedEditorAssemblies (319ms)
				LogAssemblyErrors (0ms)
				InitializePlatformSupportModulesInManaged (5ms)
				SetLoadedEditorAssemblies (1ms)
				RefreshPlugins (1ms)
				BeforeProcessingInitializeOnLoad (98ms)
				ProcessInitializeOnLoadAttributes (203ms)
				ProcessInitializeOnLoadMethodAttributes (5ms)
				AfterProcessingInitializeOnLoad (7ms)
				EditorAssembliesLoaded (0ms)
			ExecutionOrderSort2 (0ms)
			AwakeInstancesAfterBackupRestoration (17ms)
Platform modules already initialized, skipping
Refreshing native plugins compatible for Editor in 0.50 ms, found 2 plugins.
Preloading 0 native plugins for Editor in 0.00 ms.
Unloading 2594 Unused Serialized files (Serialized files now loaded: 0)
System memory in use before: 121.1 MB.
System memory in use after: 121.3 MB.

Unloading 12 unused Assets to reduce memory usage. Loaded Objects now: 3217.
Total: 3.813300 ms (FindLiveObjects: 0.261700 ms CreateObjectMapping: 0.106100 ms MarkObjects: 3.421300 ms  DeleteObjects: 0.023100 ms)

AssetImportParameters requested are different than current active one (requested -> active):
  custom:framework-win-MediaFoundation: 216162199b28c13a410421893ffa2e32 -> 
  custom:video-decoder-ogg-theora: a1e56fd34408186e4bbccfd4996cb3dc -> 
  custom:container-muxer-webm: aa71ff27fc2769a1b78a27578f13a17b -> 
  custom:container-demuxer-webm: 4f35f7cbe854078d1ac9338744f61a02 -> 
  custom:container-demuxer-ogg: 62fdf1f143b41e24485cea50d1cbac27 -> 
  custom:video-encoder-webm-vp8: eb34c28f22e8b96e1ab97ce403110664 -> 
  custom:video-decoder-webm-vp8: 9c59270c3fd7afecdb556c50c9e8de78 -> 
  custom:audio-decoder-ogg-vorbis: bf7c407c2cedff20999df2af8eb42d56 -> 
  custom:audio-encoder-webm-vorbis: bf7c407c2cedff20999df2af8eb42d56 -> 
========================================================================
Received Import Request.
  Time since last request: 8.875010 seconds.
  path: Assets/Mol
  artifactKey: Guid(6208cffb60c69c946a236ff7bbe0157a) Importer(815301076,1909f56bfc062723c751e8b465ee728b)
Start importing Assets/Mol using Guid(6208cffb60c69c946a236ff7bbe0157a) Importer(815301076,1909f56bfc062723c751e8b465ee728b)  -> (artifact id: '6c3eacde41152ea1de581c732657a01d') in 0.009232 seconds 
  Import took 0.013265 seconds .

========================================================================
Received Import Request.
  Time since last request: 3.798577 seconds.
  path: Assets/MoléRoule
  artifactKey: Guid(6208cffb60c69c946a236ff7bbe0157a) Importer(815301076,1909f56bfc062723c751e8b465ee728b)
Start importing Assets/MoléRoule using Guid(6208cffb60c69c946a236ff7bbe0157a) Importer(815301076,1909f56bfc062723c751e8b465ee728b)  -> (artifact id: '47829dca339448672b2b9f3d9ed6f78b') in 0.006587 seconds 
  Import took 0.010753 seconds .

========================================================================
Received Import Request.
  Time since last request: 8.907818 seconds.
  path: Assets/MoléRoule/Scenes
  artifactKey: Guid(c1da16018aa2cb3458a51d445a6d55f3) Importer(815301076,1909f56bfc062723c751e8b465ee728b)
Start importing Assets/MoléRoule/Scenes using Guid(c1da16018aa2cb3458a51d445a6d55f3) Importer(815301076,1909f56bfc062723c751e8b465ee728b)  -> (artifact id: '562276f0eb7f45b74d8810b6b00bc85e') in 0.006858 seconds 
  Import took 0.011589 seconds .

========================================================================
Received Import Request.
  Time since last request: 0.003672 seconds.
  path: Assets/MoléRoule/Scenes
  artifactKey: Guid(c1da16018aa2cb3458a51d445a6d55f3) Importer(815301076,1909f56bfc062723c751e8b465ee728b)
Start importing Assets/MoléRoule/Scenes using Guid(c1da16018aa2cb3458a51d445a6d55f3) Importer(815301076,1909f56bfc062723c751e8b465ee728b)  -> (artifact id: '562276f0eb7f45b74d8810b6b00bc85e') in 0.002613 seconds 
  Import took 0.007244 seconds .

========================================================================
Received Import Request.
  Time since last request: 4.535293 seconds.
  path: Assets/MoléRoule/Scripts
  artifactKey: Guid(98736c5eca7f6d44ea63fc32ad736abd) Importer(815301076,1909f56bfc062723c751e8b465ee728b)
Start importing Assets/MoléRoule/Scripts using Guid(98736c5eca7f6d44ea63fc32ad736abd) Importer(815301076,1909f56bfc062723c751e8b465ee728b)  -> (artifact id: '09e414360e9986b53a24318f3de8c1af') in 0.006927 seconds 
  Import took 0.011510 seconds .

========================================================================
Received Import Request.
  Time since last request: 0.002607 seconds.
  path: Assets/MoléRoule/Scripts
  artifactKey: Guid(98736c5eca7f6d44ea63fc32ad736abd) Importer(815301076,1909f56bfc062723c751e8b465ee728b)
Start importing Assets/MoléRoule/Scripts using Guid(98736c5eca7f6d44ea63fc32ad736abd) Importer(815301076,1909f56bfc062723c751e8b465ee728b)  -> (artifact id: '09e414360e9986b53a24318f3de8c1af') in 0.002462 seconds 
  Import took 0.006766 seconds .

========================================================================
Received Import Request.
  Time since last request: 5.122425 seconds.
  path: Assets/MoléRoule/Material
  artifactKey: Guid(2b45b5e1b0f3da54a90b5d1a906e70fe) Importer(815301076,1909f56bfc062723c751e8b465ee728b)
Start importing Assets/MoléRoule/Material using Guid(2b45b5e1b0f3da54a90b5d1a906e70fe) Importer(815301076,1909f56bfc062723c751e8b465ee728b)  -> (artifact id: '2b6ab9292821d06ea78cdad14ebe3f5a') in 0.006690 seconds 
  Import took 0.010963 seconds .

========================================================================
Received Import Request.
  Time since last request: 8.882663 seconds.
  path: Assets/MoléRoule/Scenes/Lvl1
  artifactKey: Guid(1805d9d35fd1cd3469807b7532fbb06d) Importer(815301076,1909f56bfc062723c751e8b465ee728b)
Start importing Assets/MoléRoule/Scenes/Lvl1 using Guid(1805d9d35fd1cd3469807b7532fbb06d) Importer(815301076,1909f56bfc062723c751e8b465ee728b)  -> (artifact id: '4c4ea8ca747b4316f52db7f6cdbf06a3') in 0.015481 seconds 
  Import took 0.019658 seconds .

========================================================================
Received Import Request.
  Time since last request: 13.444556 seconds.
  path: Assets/MoléRoule/Scenes/Lvl1 1
  artifactKey: Guid(797d1063423dc8e46beaa3e5cbb2212e) Importer(815301076,1909f56bfc062723c751e8b465ee728b)
Start importing Assets/MoléRoule/Scenes/Lvl1 1 using Guid(797d1063423dc8e46beaa3e5cbb2212e) Importer(815301076,1909f56bfc062723c751e8b465ee728b)  -> (artifact id: '7b703d46b588595deaf5e6780126d364') in 0.006882 seconds 
  Import took 0.011090 seconds .

========================================================================
Received Import Request.
  Time since last request: 2.811045 seconds.
  path: Assets/MoléRoule/Scenes/Lvl2
  artifactKey: Guid(797d1063423dc8e46beaa3e5cbb2212e) Importer(815301076,1909f56bfc062723c751e8b465ee728b)
Start importing Assets/MoléRoule/Scenes/Lvl2 using Guid(797d1063423dc8e46beaa3e5cbb2212e) Importer(815301076,1909f56bfc062723c751e8b465ee728b)  -> (artifact id: '984cdd7be1b95a70fdbb925724f28079') in 0.006424 seconds 
  Import took 0.011179 seconds .

========================================================================
Received Import Request.
  Time since last request: 14.518833 seconds.
  path: Assets/MoléRoule/Scenes/Lvl1.unity
  artifactKey: Guid(ca444ea28259af94ca1358d015033782) Importer(815301076,1909f56bfc062723c751e8b465ee728b)
Start importing Assets/MoléRoule/Scenes/Lvl1.unity using Guid(ca444ea28259af94ca1358d015033782) Importer(815301076,1909f56bfc062723c751e8b465ee728b)  -> (artifact id: '727fa0e10fb06009065dc73ed4d64971') in 0.018192 seconds 
  Import took 0.022362 seconds .

========================================================================
Received Import Request.
  Time since last request: 7.523460 seconds.
  path: Assets/MoléRoule/Scenes/Menu.unity
  artifactKey: Guid(2c3d193a977830745acad506e9606201) Importer(815301076,1909f56bfc062723c751e8b465ee728b)
Start importing Assets/MoléRoule/Scenes/Menu.unity using Guid(2c3d193a977830745acad506e9606201) Importer(815301076,1909f56bfc062723c751e8b465ee728b)  -> (artifact id: '9aeb2240028694251e90ca6fbfa8e4c3') in 0.006723 seconds 
  Import took 0.011021 seconds .

========================================================================
Received Prepare
Registering precompiled user dll's ...
Registered in 0.008128 seconds.
Begin MonoManager ReloadAssembly
Native extension for WindowsStandalone target not found
Refreshing native plugins compatible for Editor in 0.57 ms, found 2 plugins.
Preloading 0 native plugins for Editor in 0.00 ms.
Mono: successfully reloaded assembly
- Completed reload, in  1.195 seconds
Domain Reload Profiling:
	ReloadAssembly (1196ms)
		BeginReloadAssembly (139ms)
			ExecutionOrderSort (0ms)
			DisableScriptedObjects (5ms)
			BackupInstance (0ms)
			ReleaseScriptingObjects (0ms)
			CreateAndSetChildDomain (38ms)
		EndReloadAssembly (987ms)
			LoadAssemblies (108ms)
			RebuildTransferFunctionScriptingTraits (0ms)
			SetupTypeCache (340ms)
			ReleaseScriptCaches (1ms)
			RebuildScriptCaches (46ms)
			SetupLoadedEditorAssemblies (337ms)
				LogAssemblyErrors (0ms)
				InitializePlatformSupportModulesInManaged (4ms)
				SetLoadedEditorAssemblies (0ms)
				RefreshPlugins (1ms)
				BeforeProcessingInitializeOnLoad (106ms)
				ProcessInitializeOnLoadAttributes (212ms)
				ProcessInitializeOnLoadMethodAttributes (4ms)
				AfterProcessingInitializeOnLoad (8ms)
				EditorAssembliesLoaded (0ms)
			ExecutionOrderSort2 (0ms)
			AwakeInstancesAfterBackupRestoration (18ms)
Platform modules already initialized, skipping
Refreshing native plugins compatible for Editor in 0.57 ms, found 2 plugins.
Preloading 0 native plugins for Editor in 0.00 ms.
Unloading 2955 Unused Serialized files (Serialized files now loaded: 0)
System memory in use before: 136.3 MB.
System memory in use after: 134.4 MB.

Unloading 35 unused Assets to reduce memory usage. Loaded Objects now: 3560.
Total: 5.534600 ms (FindLiveObjects: 0.300000 ms CreateObjectMapping: 0.139100 ms MarkObjects: 3.589000 ms  DeleteObjects: 1.505500 ms)

AssetImportParameters requested are different than current active one (requested -> active):
  custom:framework-win-MediaFoundation: 216162199b28c13a410421893ffa2e32 -> 
  custom:video-decoder-ogg-theora: a1e56fd34408186e4bbccfd4996cb3dc -> 
  custom:container-muxer-webm: aa71ff27fc2769a1b78a27578f13a17b -> 
  custom:container-demuxer-webm: 4f35f7cbe854078d1ac9338744f61a02 -> 
  custom:container-demuxer-ogg: 62fdf1f143b41e24485cea50d1cbac27 -> 
  custom:video-encoder-webm-vp8: eb34c28f22e8b96e1ab97ce403110664 -> 
  custom:video-decoder-webm-vp8: 9c59270c3fd7afecdb556c50c9e8de78 -> 
  custom:audio-decoder-ogg-vorbis: bf7c407c2cedff20999df2af8eb42d56 -> 
  custom:audio-encoder-webm-vorbis: bf7c407c2cedff20999df2af8eb42d56 -> 
========================================================================
Received Import Request.
  Time since last request: 261.903819 seconds.
  path: Assets/MoléRoule/Shaders
  artifactKey: Guid(2ddba25823e57ce49a5ec30512495932) Importer(815301076,1909f56bfc062723c751e8b465ee728b)
Start importing Assets/MoléRoule/Shaders using Guid(2ddba25823e57ce49a5ec30512495932) Importer(815301076,1909f56bfc062723c751e8b465ee728b)  -> (artifact id: 'b288a609471002fda1b7c945aa2f51f6') in 0.014706 seconds 
  Import took 0.022410 seconds .

========================================================================
Received Import Request.
  Time since last request: 9.471804 seconds.
  path: Assets/MoléRoule/Shaders/New Shader Graph.shadergraph
  artifactKey: Guid(8c4ff7c7ad037c14ba3a7f14ef20ad9a) Importer(815301076,1909f56bfc062723c751e8b465ee728b)
Start importing Assets/MoléRoule/Shaders/New Shader Graph.shadergraph using Guid(8c4ff7c7ad037c14ba3a7f14ef20ad9a) Importer(815301076,1909f56bfc062723c751e8b465ee728b)  -> (artifact id: 'dacf9d5899c4282a65b784cb8714d05c') in 0.021672 seconds 
  Import took 0.026625 seconds .

========================================================================
Received Import Request.
  Time since last request: 4.288230 seconds.
  path: Assets/MoléRoule/Shaders/Shader Graphs_New Shader Graph.mat
  artifactKey: Guid(b794b0d27f58762469f672fcf65bac10) Importer(815301076,1909f56bfc062723c751e8b465ee728b)
Start importing Assets/MoléRoule/Shaders/Shader Graphs_New Shader Graph.mat using Guid(b794b0d27f58762469f672fcf65bac10) Importer(815301076,1909f56bfc062723c751e8b465ee728b)  -> (artifact id: 'e69b246a8ad4a0c581a151fa24300790') in 0.163437 seconds 
  Import took 0.168920 seconds .

========================================================================
Received Import Request.
  Time since last request: 45.532540 seconds.
  path: Assets/MoléRoule/Shaders/New Shader Graph.shadergraph
  artifactKey: Guid(8c4ff7c7ad037c14ba3a7f14ef20ad9a) Importer(815301076,1909f56bfc062723c751e8b465ee728b)
Start importing Assets/MoléRoule/Shaders/New Shader Graph.shadergraph using Guid(8c4ff7c7ad037c14ba3a7f14ef20ad9a) Importer(815301076,1909f56bfc062723c751e8b465ee728b)  -> (artifact id: '9f4766134669a3987ce0e22d97016d6d') in 0.004970 seconds 
  Import took 0.011044 seconds .

========================================================================
Received Import Request.
  Time since last request: 0.290587 seconds.
  path: Assets/MoléRoule/Shaders/New Shader Graph.shadergraph
  artifactKey: Guid(8c4ff7c7ad037c14ba3a7f14ef20ad9a) Importer(815301076,1909f56bfc062723c751e8b465ee728b)
Start importing Assets/MoléRoule/Shaders/New Shader Graph.shadergraph using Guid(8c4ff7c7ad037c14ba3a7f14ef20ad9a) Importer(815301076,1909f56bfc062723c751e8b465ee728b)  -> (artifact id: '9f4766134669a3987ce0e22d97016d6d') in 0.007664 seconds 
  Import took 0.013316 seconds .

========================================================================
Received Import Request.
  Time since last request: 80.142612 seconds.
  path: Assets/MoléRoule/Material/New Material.mat
  artifactKey: Guid(3ded21ae6cdf36b4a87d8af904e93f47) Importer(815301076,1909f56bfc062723c751e8b465ee728b)
Start importing Assets/MoléRoule/Material/New Material.mat using Guid(3ded21ae6cdf36b4a87d8af904e93f47) Importer(815301076,1909f56bfc062723c751e8b465ee728b)  -> (artifact id: 'cfd2ffddaed8a9661fed570bff11f365') in 0.018842 seconds 
  Import took 0.025481 seconds .

========================================================================
Received Import Request.
  Time since last request: 33.702692 seconds.
  path: Assets/MoléRoule/Material/New Material 1.mat
  artifactKey: Guid(8c68b017f22949b43a59c34cb6b3f903) Importer(815301076,1909f56bfc062723c751e8b465ee728b)
Start importing Assets/MoléRoule/Material/New Material 1.mat using Guid(8c68b017f22949b43a59c34cb6b3f903) Importer(815301076,1909f56bfc062723c751e8b465ee728b)  -> (artifact id: 'df6c6bfe46154b7376473ddc88a088ae') in 0.013138 seconds 
  Import took 0.018140 seconds .

========================================================================
Received Import Request.
  Time since last request: 0.083178 seconds.
  path: Assets/MoléRoule/Material/New Material 1.mat
  artifactKey: Guid(8c68b017f22949b43a59c34cb6b3f903) Importer(815301076,1909f56bfc062723c751e8b465ee728b)
Start importing Assets/MoléRoule/Material/New Material 1.mat using Guid(8c68b017f22949b43a59c34cb6b3f903) Importer(815301076,1909f56bfc062723c751e8b465ee728b)  -> (artifact id: '3659b3123cf38053bf461b69f88fc72a') in 0.009533 seconds 
  Import took 0.014451 seconds .

========================================================================
Received Import Request.
  Time since last request: 0.000287 seconds.
  path: Assets/MoléRoule/Material/New Material.mat
  artifactKey: Guid(3ded21ae6cdf36b4a87d8af904e93f47) Importer(815301076,1909f56bfc062723c751e8b465ee728b)
Start importing Assets/MoléRoule/Material/New Material.mat using Guid(3ded21ae6cdf36b4a87d8af904e93f47) Importer(815301076,1909f56bfc062723c751e8b465ee728b)  -> (artifact id: '7e5833c2c3df5d04cafcc59625ec4b1f') in 0.012566 seconds 
  Import took 0.017366 seconds .

========================================================================
Received Import Request.
  Time since last request: 0.000332 seconds.
  path: Assets/MoléRoule/Material/New Material 1.mat
  artifactKey: Guid(8c68b017f22949b43a59c34cb6b3f903) Importer(815301076,1909f56bfc062723c751e8b465ee728b)
Start importing Assets/MoléRoule/Material/New Material 1.mat using Guid(8c68b017f22949b43a59c34cb6b3f903) Importer(815301076,1909f56bfc062723c751e8b465ee728b)  -> (artifact id: '3659b3123cf38053bf461b69f88fc72a') in 0.010079 seconds 
  Import took 0.015040 seconds .

========================================================================
Received Import Request.
  Time since last request: 0.001990 seconds.
  path: Assets/MoléRoule/Material/New Material.mat
  artifactKey: Guid(3ded21ae6cdf36b4a87d8af904e93f47) Importer(815301076,1909f56bfc062723c751e8b465ee728b)
Start importing Assets/MoléRoule/Material/New Material.mat using Guid(3ded21ae6cdf36b4a87d8af904e93f47) Importer(815301076,1909f56bfc062723c751e8b465ee728b)  -> (artifact id: '7e5833c2c3df5d04cafcc59625ec4b1f') in 0.011352 seconds 
  Import took 0.016110 seconds .

========================================================================
Received Import Request.
  Time since last request: 8.683179 seconds.
  path: Assets/MoléRoule/Material/New Material 1.mat
  artifactKey: Guid(8c68b017f22949b43a59c34cb6b3f903) Importer(815301076,1909f56bfc062723c751e8b465ee728b)
Start importing Assets/MoléRoule/Material/New Material 1.mat using Guid(8c68b017f22949b43a59c34cb6b3f903) Importer(815301076,1909f56bfc062723c751e8b465ee728b)  -> (artifact id: '6e811a540e8da2f674c757d3419b1ef6') in 0.012497 seconds 
  Import took 0.017447 seconds .

========================================================================
Received Prepare
Registering precompiled user dll's ...
Registered in 0.004620 seconds.
Begin MonoManager ReloadAssembly
Native extension for WindowsStandalone target not found
Refreshing native plugins compatible for Editor in 0.60 ms, found 2 plugins.
Preloading 0 native plugins for Editor in 0.00 ms.
Mono: successfully reloaded assembly
- Completed reload, in  1.194 seconds
Domain Reload Profiling:
	ReloadAssembly (1194ms)
		BeginReloadAssembly (162ms)
			ExecutionOrderSort (0ms)
			DisableScriptedObjects (8ms)
			BackupInstance (0ms)
			ReleaseScriptingObjects (0ms)
			CreateAndSetChildDomain (45ms)
		EndReloadAssembly (959ms)
			LoadAssemblies (127ms)
			RebuildTransferFunctionScriptingTraits (0ms)
			SetupTypeCache (328ms)
			ReleaseScriptCaches (1ms)
			RebuildScriptCaches (47ms)
			SetupLoadedEditorAssemblies (326ms)
				LogAssemblyErrors (0ms)
				InitializePlatformSupportModulesInManaged (4ms)
				SetLoadedEditorAssemblies (0ms)
				RefreshPlugins (1ms)
				BeforeProcessingInitializeOnLoad (103ms)
				ProcessInitializeOnLoadAttributes (205ms)
				ProcessInitializeOnLoadMethodAttributes (4ms)
				AfterProcessingInitializeOnLoad (8ms)
				EditorAssembliesLoaded (0ms)
			ExecutionOrderSort2 (0ms)
			AwakeInstancesAfterBackupRestoration (17ms)
Platform modules already initialized, skipping
Refreshing native plugins compatible for Editor in 0.57 ms, found 2 plugins.
Preloading 0 native plugins for Editor in 0.00 ms.
Unloading 2955 Unused Serialized files (Serialized files now loaded: 0)
System memory in use before: 137.0 MB.
System memory in use after: 135.1 MB.

Unloading 35 unused Assets to reduce memory usage. Loaded Objects now: 3599.
Total: 5.530500 ms (FindLiveObjects: 0.300000 ms CreateObjectMapping: 0.126700 ms MarkObjects: 3.491500 ms  DeleteObjects: 1.611200 ms)

AssetImportParameters requested are different than current active one (requested -> active):
  custom:framework-win-MediaFoundation: 216162199b28c13a410421893ffa2e32 -> 
  custom:video-decoder-ogg-theora: a1e56fd34408186e4bbccfd4996cb3dc -> 
  custom:container-muxer-webm: aa71ff27fc2769a1b78a27578f13a17b -> 
  custom:container-demuxer-webm: 4f35f7cbe854078d1ac9338744f61a02 -> 
  custom:container-demuxer-ogg: 62fdf1f143b41e24485cea50d1cbac27 -> 
  custom:video-encoder-webm-vp8: eb34c28f22e8b96e1ab97ce403110664 -> 
  custom:video-decoder-webm-vp8: 9c59270c3fd7afecdb556c50c9e8de78 -> 
  custom:audio-decoder-ogg-vorbis: bf7c407c2cedff20999df2af8eb42d56 -> 
  custom:audio-encoder-webm-vorbis: bf7c407c2cedff20999df2af8eb42d56 -> 
========================================================================
Received Prepare
Registering precompiled user dll's ...
Registered in 0.004454 seconds.
Begin MonoManager ReloadAssembly
Native extension for WindowsStandalone target not found
Refreshing native plugins compatible for Editor in 0.57 ms, found 2 plugins.
Preloading 0 native plugins for Editor in 0.00 ms.
Mono: successfully reloaded assembly
- Completed reload, in  1.169 seconds
Domain Reload Profiling:
	ReloadAssembly (1170ms)
		BeginReloadAssembly (133ms)
			ExecutionOrderSort (0ms)
			DisableScriptedObjects (6ms)
			BackupInstance (0ms)
			ReleaseScriptingObjects (0ms)
			CreateAndSetChildDomain (36ms)
		EndReloadAssembly (967ms)
			LoadAssemblies (115ms)
			RebuildTransferFunctionScriptingTraits (0ms)
			SetupTypeCache (331ms)
			ReleaseScriptCaches (1ms)
			RebuildScriptCaches (47ms)
			SetupLoadedEditorAssemblies (332ms)
				LogAssemblyErrors (0ms)
				InitializePlatformSupportModulesInManaged (5ms)
				SetLoadedEditorAssemblies (0ms)
				RefreshPlugins (1ms)
				BeforeProcessingInitializeOnLoad (104ms)
				ProcessInitializeOnLoadAttributes (209ms)
				ProcessInitializeOnLoadMethodAttributes (5ms)
				AfterProcessingInitializeOnLoad (7ms)
				EditorAssembliesLoaded (0ms)
			ExecutionOrderSort2 (0ms)
			AwakeInstancesAfterBackupRestoration (17ms)
Platform modules already initialized, skipping
Refreshing native plugins compatible for Editor in 0.56 ms, found 2 plugins.
Preloading 0 native plugins for Editor in 0.00 ms.
Unloading 2955 Unused Serialized files (Serialized files now loaded: 0)
System memory in use before: 136.9 MB.
System memory in use after: 135.0 MB.

Unloading 35 unused Assets to reduce memory usage. Loaded Objects now: 3602.
Total: 5.549800 ms (FindLiveObjects: 0.311100 ms CreateObjectMapping: 0.123300 ms MarkObjects: 3.387600 ms  DeleteObjects: 1.726800 ms)

AssetImportParameters requested are different than current active one (requested -> active):
  custom:framework-win-MediaFoundation: 216162199b28c13a410421893ffa2e32 -> 
  custom:video-decoder-ogg-theora: a1e56fd34408186e4bbccfd4996cb3dc -> 
  custom:container-muxer-webm: aa71ff27fc2769a1b78a27578f13a17b -> 
  custom:container-demuxer-webm: 4f35f7cbe854078d1ac9338744f61a02 -> 
  custom:container-demuxer-ogg: 62fdf1f143b41e24485cea50d1cbac27 -> 
  custom:video-encoder-webm-vp8: eb34c28f22e8b96e1ab97ce403110664 -> 
  custom:video-decoder-webm-vp8: 9c59270c3fd7afecdb556c50c9e8de78 -> 
  custom:audio-decoder-ogg-vorbis: bf7c407c2cedff20999df2af8eb42d56 -> 
  custom:audio-encoder-webm-vorbis: bf7c407c2cedff20999df2af8eb42d56 -> 
========================================================================
Received Prepare
Registering precompiled user dll's ...
Registered in 0.004469 seconds.
Begin MonoManager ReloadAssembly
Native extension for WindowsStandalone target not found
Refreshing native plugins compatible for Editor in 0.57 ms, found 2 plugins.
Preloading 0 native plugins for Editor in 0.00 ms.
Mono: successfully reloaded assembly
- Completed reload, in  1.178 seconds
Domain Reload Profiling:
	ReloadAssembly (1178ms)
		BeginReloadAssembly (122ms)
			ExecutionOrderSort (0ms)
			DisableScriptedObjects (5ms)
			BackupInstance (0ms)
			ReleaseScriptingObjects (0ms)
			CreateAndSetChildDomain (35ms)
		EndReloadAssembly (986ms)
			LoadAssemblies (106ms)
			RebuildTransferFunctionScriptingTraits (0ms)
			SetupTypeCache (327ms)
			ReleaseScriptCaches (1ms)
			RebuildScriptCaches (48ms)
			SetupLoadedEditorAssemblies (333ms)
				LogAssemblyErrors (0ms)
				InitializePlatformSupportModulesInManaged (5ms)
				SetLoadedEditorAssemblies (0ms)
				RefreshPlugins (1ms)
				BeforeProcessingInitializeOnLoad (106ms)
				ProcessInitializeOnLoadAttributes (209ms)
				ProcessInitializeOnLoadMethodAttributes (4ms)
				AfterProcessingInitializeOnLoad (8ms)
				EditorAssembliesLoaded (0ms)
			ExecutionOrderSort2 (0ms)
			AwakeInstancesAfterBackupRestoration (18ms)
Platform modules already initialized, skipping
Refreshing native plugins compatible for Editor in 0.56 ms, found 2 plugins.
Preloading 0 native plugins for Editor in 0.00 ms.
Unloading 2955 Unused Serialized files (Serialized files now loaded: 0)
System memory in use before: 136.8 MB.
System memory in use after: 135.1 MB.

Unloading 35 unused Assets to reduce memory usage. Loaded Objects now: 3604.
Total: 5.549000 ms (FindLiveObjects: 0.310400 ms CreateObjectMapping: 0.139600 ms MarkObjects: 3.414100 ms  DeleteObjects: 1.683900 ms)

AssetImportParameters requested are different than current active one (requested -> active):
  custom:framework-win-MediaFoundation: 216162199b28c13a410421893ffa2e32 -> 
  custom:video-decoder-ogg-theora: a1e56fd34408186e4bbccfd4996cb3dc -> 
  custom:container-muxer-webm: aa71ff27fc2769a1b78a27578f13a17b -> 
  custom:container-demuxer-webm: 4f35f7cbe854078d1ac9338744f61a02 -> 
  custom:container-demuxer-ogg: 62fdf1f143b41e24485cea50d1cbac27 -> 
  custom:video-encoder-webm-vp8: eb34c28f22e8b96e1ab97ce403110664 -> 
  custom:video-decoder-webm-vp8: 9c59270c3fd7afecdb556c50c9e8de78 -> 
  custom:audio-decoder-ogg-vorbis: bf7c407c2cedff20999df2af8eb42d56 -> 
  custom:audio-encoder-webm-vorbis: bf7c407c2cedff20999df2af8eb42d56 -> 
========================================================================
Received Prepare
Registering precompiled user dll's ...
Registered in 0.004631 seconds.
Begin MonoManager ReloadAssembly
Native extension for WindowsStandalone target not found
Refreshing native plugins compatible for Editor in 0.57 ms, found 2 plugins.
Preloading 0 native plugins for Editor in 0.00 ms.
Mono: successfully reloaded assembly
- Completed reload, in  1.239 seconds
Domain Reload Profiling:
	ReloadAssembly (1239ms)
		BeginReloadAssembly (132ms)
			ExecutionOrderSort (0ms)
			DisableScriptedObjects (5ms)
			BackupInstance (0ms)
			ReleaseScriptingObjects (0ms)
			CreateAndSetChildDomain (35ms)
		EndReloadAssembly (1023ms)
			LoadAssemblies (128ms)
			RebuildTransferFunctionScriptingTraits (0ms)
			SetupTypeCache (349ms)
			ReleaseScriptCaches (1ms)
			RebuildScriptCaches (51ms)
			SetupLoadedEditorAssemblies (335ms)
				LogAssemblyErrors (0ms)
				InitializePlatformSupportModulesInManaged (5ms)
				SetLoadedEditorAssemblies (0ms)
				RefreshPlugins (1ms)
				BeforeProcessingInitializeOnLoad (108ms)
				ProcessInitializeOnLoadAttributes (209ms)
				ProcessInitializeOnLoadMethodAttributes (4ms)
				AfterProcessingInitializeOnLoad (8ms)
				EditorAssembliesLoaded (0ms)
			ExecutionOrderSort2 (0ms)
			AwakeInstancesAfterBackupRestoration (18ms)
Platform modules already initialized, skipping
Refreshing native plugins compatible for Editor in 0.65 ms, found 2 plugins.
Preloading 0 native plugins for Editor in 0.00 ms.
Unloading 2955 Unused Serialized files (Serialized files now loaded: 0)
System memory in use before: 136.9 MB.
System memory in use after: 135.1 MB.

Unloading 35 unused Assets to reduce memory usage. Loaded Objects now: 3606.
Total: 5.781400 ms (FindLiveObjects: 0.291300 ms CreateObjectMapping: 0.132200 ms MarkObjects: 3.711300 ms  DeleteObjects: 1.645700 ms)

AssetImportParameters requested are different than current active one (requested -> active):
  custom:framework-win-MediaFoundation: 216162199b28c13a410421893ffa2e32 -> 
  custom:video-decoder-ogg-theora: a1e56fd34408186e4bbccfd4996cb3dc -> 
  custom:container-muxer-webm: aa71ff27fc2769a1b78a27578f13a17b -> 
  custom:container-demuxer-webm: 4f35f7cbe854078d1ac9338744f61a02 -> 
  custom:container-demuxer-ogg: 62fdf1f143b41e24485cea50d1cbac27 -> 
  custom:video-encoder-webm-vp8: eb34c28f22e8b96e1ab97ce403110664 -> 
  custom:video-decoder-webm-vp8: 9c59270c3fd7afecdb556c50c9e8de78 -> 
  custom:audio-decoder-ogg-vorbis: bf7c407c2cedff20999df2af8eb42d56 -> 
  custom:audio-encoder-webm-vorbis: bf7c407c2cedff20999df2af8eb42d56 -> 
========================================================================
Received Prepare
Registering precompiled user dll's ...
Registered in 0.004530 seconds.
Begin MonoManager ReloadAssembly
Native extension for WindowsStandalone target not found
Refreshing native plugins compatible for Editor in 0.56 ms, found 2 plugins.
Preloading 0 native plugins for Editor in 0.00 ms.
Mono: successfully reloaded assembly
- Completed reload, in  1.197 seconds
Domain Reload Profiling:
	ReloadAssembly (1198ms)
		BeginReloadAssembly (130ms)
			ExecutionOrderSort (0ms)
			DisableScriptedObjects (5ms)
			BackupInstance (0ms)
			ReleaseScriptingObjects (0ms)
			CreateAndSetChildDomain (34ms)
		EndReloadAssembly (984ms)
			LoadAssemblies (105ms)
			RebuildTransferFunctionScriptingTraits (0ms)
			SetupTypeCache (337ms)
			ReleaseScriptCaches (1ms)
			RebuildScriptCaches (48ms)
			SetupLoadedEditorAssemblies (334ms)
				LogAssemblyErrors (0ms)
				InitializePlatformSupportModulesInManaged (5ms)
				SetLoadedEditorAssemblies (0ms)
				RefreshPlugins (1ms)
				BeforeProcessingInitializeOnLoad (106ms)
				ProcessInitializeOnLoadAttributes (210ms)
				ProcessInitializeOnLoadMethodAttributes (4ms)
				AfterProcessingInitializeOnLoad (8ms)
				EditorAssembliesLoaded (0ms)
			ExecutionOrderSort2 (0ms)
			AwakeInstancesAfterBackupRestoration (18ms)
Platform modules already initialized, skipping
Refreshing native plugins compatible for Editor in 0.57 ms, found 2 plugins.
Preloading 0 native plugins for Editor in 0.00 ms.
Unloading 2955 Unused Serialized files (Serialized files now loaded: 0)
System memory in use before: 136.8 MB.
System memory in use after: 135.0 MB.

Unloading 35 unused Assets to reduce memory usage. Loaded Objects now: 3608.
Total: 5.526600 ms (FindLiveObjects: 0.319100 ms CreateObjectMapping: 0.141900 ms MarkObjects: 3.379300 ms  DeleteObjects: 1.685000 ms)

AssetImportParameters requested are different than current active one (requested -> active):
  custom:framework-win-MediaFoundation: 216162199b28c13a410421893ffa2e32 -> 
  custom:video-decoder-ogg-theora: a1e56fd34408186e4bbccfd4996cb3dc -> 
  custom:container-muxer-webm: aa71ff27fc2769a1b78a27578f13a17b -> 
  custom:container-demuxer-webm: 4f35f7cbe854078d1ac9338744f61a02 -> 
  custom:container-demuxer-ogg: 62fdf1f143b41e24485cea50d1cbac27 -> 
  custom:video-encoder-webm-vp8: eb34c28f22e8b96e1ab97ce403110664 -> 
  custom:video-decoder-webm-vp8: 9c59270c3fd7afecdb556c50c9e8de78 -> 
  custom:audio-decoder-ogg-vorbis: bf7c407c2cedff20999df2af8eb42d56 -> 
  custom:audio-encoder-webm-vorbis: bf7c407c2cedff20999df2af8eb42d56 -> 
AssetImportWorkerClient::OnTransportError - code=2 error=End of file
